{"/home/travis/build/npmtest/node-npmtest-tinder/test.js":{"path":"/home/travis/build/npmtest/node-npmtest-tinder/test.js","s":{"1":2,"2":2,"3":2,"4":2,"5":2,"6":2,"7":2,"8":1,"9":2,"10":2,"11":1,"12":1,"13":1,"14":1,"15":2,"16":2,"17":2,"18":2,"19":1,"20":1,"21":2,"22":2,"23":2,"24":1,"25":1,"26":1,"27":1,"28":1,"29":1,"30":1,"31":1,"32":1,"33":1,"34":1,"35":1,"36":1,"37":1,"38":1,"39":2,"40":2,"41":1,"42":2,"43":2,"44":1,"45":2,"46":2,"47":1,"48":2,"49":2,"50":1,"51":1,"52":1,"53":1,"54":1},"b":{"1":[2,1,1,1],"2":[1,1,1,1],"3":[1,1],"4":[1,1],"5":[1,1],"6":[1,1],"7":[1,1],"8":[1,1],"9":[1,1],"10":[1,1,1],"11":[1,1],"12":[1,1],"13":[1,1],"14":[1,1],"15":[1,1],"16":[1,1],"17":[1,1]},"f":{"1":2,"2":2,"3":2,"4":2,"5":2,"6":1,"7":1,"8":1,"9":2,"10":2,"11":2,"12":2,"13":1},"fnMap":{"1":{"name":"(anonymous_1)","line":12,"loc":{"start":{"line":12,"column":1},"end":{"line":12,"column":13}}},"2":{"name":"(anonymous_2)","line":19,"loc":{"start":{"line":19,"column":5},"end":{"line":19,"column":17}}},"3":{"name":"(anonymous_3)","line":23,"loc":{"start":{"line":23,"column":24},"end":{"line":23,"column":36}}},"4":{"name":"(anonymous_4)","line":61,"loc":{"start":{"line":61,"column":5},"end":{"line":61,"column":17}}},"5":{"name":"(anonymous_5)","line":82,"loc":{"start":{"line":82,"column":5},"end":{"line":82,"column":17}}},"6":{"name":"(anonymous_6)","line":91,"loc":{"start":{"line":91,"column":77},"end":{"line":94,"column":10}}},"7":{"name":"(anonymous_7)","line":112,"loc":{"start":{"line":112,"column":83},"end":{"line":115,"column":10}},"skip":true},"8":{"name":"(anonymous_8)","line":123,"loc":{"start":{"line":123,"column":77},"end":{"line":126,"column":10}},"skip":true},"9":{"name":"(anonymous_9)","line":139,"loc":{"start":{"line":139,"column":12},"end":{"line":139,"column":40}},"skip":true},"10":{"name":"(anonymous_10)","line":147,"loc":{"start":{"line":147,"column":77},"end":{"line":150,"column":10}},"skip":true},"11":{"name":"(anonymous_11)","line":158,"loc":{"start":{"line":158,"column":83},"end":{"line":161,"column":10}},"skip":true},"12":{"name":"(anonymous_12)","line":169,"loc":{"start":{"line":169,"column":79},"end":{"line":172,"column":10}},"skip":true},"13":{"name":"(anonymous_13)","line":180,"loc":{"start":{"line":180,"column":75},"end":{"line":183,"column":10}},"skip":true}},"statementMap":{"1":{"start":{"line":12,"column":0},"end":{"line":195,"column":5}},"2":{"start":{"line":14,"column":4},"end":{"line":14,"column":14}},"3":{"start":{"line":19,"column":4},"end":{"line":56,"column":9}},"4":{"start":{"line":21,"column":8},"end":{"line":21,"column":19}},"5":{"start":{"line":23,"column":8},"end":{"line":35,"column":13}},"6":{"start":{"line":24,"column":12},"end":{"line":34,"column":13}},"7":{"start":{"line":25,"column":16},"end":{"line":28,"column":30}},"8":{"start":{"line":30,"column":16},"end":{"line":33,"column":27}},"9":{"start":{"line":37,"column":8},"end":{"line":39,"column":21}},"10":{"start":{"line":40,"column":8},"end":{"line":53,"column":9}},"11":{"start":{"line":43,"column":12},"end":{"line":46,"column":14}},"12":{"start":{"line":47,"column":12},"end":{"line":47,"column":18}},"13":{"start":{"line":50,"column":12},"end":{"line":51,"column":33}},"14":{"start":{"line":52,"column":12},"end":{"line":52,"column":18}},"15":{"start":{"line":55,"column":8},"end":{"line":55,"column":35}},"16":{"start":{"line":61,"column":4},"end":{"line":63,"column":9}},"17":{"start":{"line":62,"column":8},"end":{"line":62,"column":15}},"18":{"start":{"line":64,"column":4},"end":{"line":77,"column":5}},"19":{"start":{"line":70,"column":8},"end":{"line":70,"column":14}},"20":{"start":{"line":76,"column":8},"end":{"line":76,"column":14}},"21":{"start":{"line":82,"column":4},"end":{"line":84,"column":9}},"22":{"start":{"line":83,"column":8},"end":{"line":83,"column":15}},"23":{"start":{"line":85,"column":4},"end":{"line":194,"column":5}},"24":{"start":{"line":91,"column":8},"end":{"line":99,"column":10}},"25":{"start":{"line":98,"column":12},"end":{"line":98,"column":35}},"26":{"start":{"line":102,"column":8},"end":{"line":104,"column":63}},"27":{"start":{"line":105,"column":8},"end":{"line":105,"column":14}},"28":{"start":{"line":112,"column":8},"end":{"line":121,"column":10},"skip":true},"29":{"start":{"line":119,"column":12},"end":{"line":119,"column":55},"skip":true},"30":{"start":{"line":120,"column":12},"end":{"line":120,"column":48},"skip":true},"31":{"start":{"line":123,"column":8},"end":{"line":136,"column":10},"skip":true},"32":{"start":{"line":130,"column":12},"end":{"line":130,"column":76},"skip":true},"33":{"start":{"line":131,"column":12},"end":{"line":131,"column":73},"skip":true},"34":{"start":{"line":132,"column":12},"end":{"line":132,"column":74},"skip":true},"35":{"start":{"line":133,"column":12},"end":{"line":133,"column":79},"skip":true},"36":{"start":{"line":134,"column":12},"end":{"line":134,"column":25},"skip":true},"37":{"start":{"line":135,"column":12},"end":{"line":135,"column":45},"skip":true},"38":{"start":{"line":138,"column":8},"end":{"line":145,"column":14},"skip":true},"39":{"start":{"line":143,"column":16},"end":{"line":143,"column":29},"skip":true},"40":{"start":{"line":144,"column":16},"end":{"line":144,"column":55},"skip":true},"41":{"start":{"line":147,"column":8},"end":{"line":156,"column":10},"skip":true},"42":{"start":{"line":154,"column":12},"end":{"line":154,"column":25},"skip":true},"43":{"start":{"line":155,"column":12},"end":{"line":155,"column":45},"skip":true},"44":{"start":{"line":158,"column":8},"end":{"line":167,"column":10},"skip":true},"45":{"start":{"line":165,"column":12},"end":{"line":165,"column":25},"skip":true},"46":{"start":{"line":166,"column":12},"end":{"line":166,"column":48},"skip":true},"47":{"start":{"line":169,"column":8},"end":{"line":178,"column":10},"skip":true},"48":{"start":{"line":176,"column":12},"end":{"line":176,"column":25},"skip":true},"49":{"start":{"line":177,"column":12},"end":{"line":177,"column":46},"skip":true},"50":{"start":{"line":180,"column":8},"end":{"line":189,"column":10},"skip":true},"51":{"start":{"line":187,"column":12},"end":{"line":187,"column":94},"skip":true},"52":{"start":{"line":188,"column":12},"end":{"line":188,"column":48},"skip":true},"53":{"start":{"line":192,"column":8},"end":{"line":192,"column":35},"skip":true},"54":{"start":{"line":193,"column":8},"end":{"line":193,"column":14},"skip":true}},"branchMap":{"1":{"line":25,"type":"binary-expr","locations":[{"start":{"line":25,"column":23},"end":{"line":25,"column":62}},{"start":{"line":26,"column":20},"end":{"line":26,"column":70}},{"start":{"line":27,"column":20},"end":{"line":27,"column":71}},{"start":{"line":28,"column":20},"end":{"line":28,"column":29}}]},"2":{"line":30,"type":"binary-expr","locations":[{"start":{"line":30,"column":23},"end":{"line":30,"column":37}},{"start":{"line":31,"column":20},"end":{"line":31,"column":61}},{"start":{"line":32,"column":20},"end":{"line":32,"column":70}},{"start":{"line":33,"column":20},"end":{"line":33,"column":26}}]},"3":{"line":37,"type":"cond-expr","locations":[{"start":{"line":38,"column":14},"end":{"line":38,"column":20}},{"start":{"line":39,"column":14},"end":{"line":39,"column":20}}]},"4":{"line":40,"type":"switch","locations":[{"start":{"line":42,"column":8},"end":{"line":47,"column":18}},{"start":{"line":49,"column":8},"end":{"line":52,"column":18}}]},"5":{"line":44,"type":"binary-expr","locations":[{"start":{"line":44,"column":16},"end":{"line":44,"column":44}},{"start":{"line":44,"column":48},"end":{"line":44,"column":66}}]},"6":{"line":50,"type":"binary-expr","locations":[{"start":{"line":50,"column":21},"end":{"line":50,"column":49}},{"start":{"line":50,"column":53},"end":{"line":50,"column":72}}]},"7":{"line":64,"type":"switch","locations":[{"start":{"line":69,"column":4},"end":{"line":70,"column":14}},{"start":{"line":75,"column":4},"end":{"line":76,"column":14}}]},"8":{"line":85,"type":"switch","locations":[{"start":{"line":90,"column":4},"end":{"line":105,"column":14}},{"start":{"line":111,"column":4},"end":{"line":193,"column":14},"skip":true}]},"9":{"line":91,"type":"binary-expr","locations":[{"start":{"line":91,"column":42},"end":{"line":91,"column":73}},{"start":{"line":91,"column":77},"end":{"line":99,"column":9}}]},"10":{"line":102,"type":"binary-expr","locations":[{"start":{"line":102,"column":18},"end":{"line":102,"column":32}},{"start":{"line":103,"column":12},"end":{"line":103,"column":53}},{"start":{"line":104,"column":12},"end":{"line":104,"column":61}}]},"11":{"line":112,"type":"binary-expr","locations":[{"start":{"line":112,"column":45},"end":{"line":112,"column":79},"skip":true},{"start":{"line":112,"column":83},"end":{"line":121,"column":9},"skip":true}]},"12":{"line":123,"type":"binary-expr","locations":[{"start":{"line":123,"column":42},"end":{"line":123,"column":73},"skip":true},{"start":{"line":123,"column":77},"end":{"line":136,"column":9},"skip":true}]},"13":{"line":138,"type":"binary-expr","locations":[{"start":{"line":138,"column":48},"end":{"line":138,"column":85},"skip":true},{"start":{"line":139,"column":12},"end":{"line":145,"column":13},"skip":true}]},"14":{"line":147,"type":"binary-expr","locations":[{"start":{"line":147,"column":42},"end":{"line":147,"column":73},"skip":true},{"start":{"line":147,"column":77},"end":{"line":156,"column":9},"skip":true}]},"15":{"line":158,"type":"binary-expr","locations":[{"start":{"line":158,"column":45},"end":{"line":158,"column":79},"skip":true},{"start":{"line":158,"column":83},"end":{"line":167,"column":9},"skip":true}]},"16":{"line":169,"type":"binary-expr","locations":[{"start":{"line":169,"column":43},"end":{"line":169,"column":75},"skip":true},{"start":{"line":169,"column":79},"end":{"line":178,"column":9},"skip":true}]},"17":{"line":180,"type":"binary-expr","locations":[{"start":{"line":180,"column":41},"end":{"line":180,"column":71},"skip":true},{"start":{"line":180,"column":75},"end":{"line":189,"column":9},"skip":true}]}},"code":["/* istanbul instrument in package npmtest_tinder */","/*jslint","    bitwise: true,","    browser: true,","    maxerr: 8,","    maxlen: 96,","    node: true,","    nomen: true,","    regexp: true,","    stupid: true","*/","(function () {","    'use strict';","    var local;","","","","    // run shared js-env code - init-before","    (function () {","        // init local","        local = {};","        // init modeJs","        local.modeJs = (function () {","            try {","                return typeof navigator.userAgent === 'string' &&","                    typeof document.querySelector('body') === 'object' &&","                    typeof XMLHttpRequest.prototype.open === 'function' &&","                    'browser';","            } catch (errorCaughtBrowser) {","                return module.exports &&","                    typeof process.versions.node === 'string' &&","                    typeof require('http').createServer === 'function' &&","                    'node';","            }","        }());","        // init global","        local.global = local.modeJs === 'browser'","            ? window","            : global;","        switch (local.modeJs) {","        // re-init local from window.local","        case 'browser':","            local = local.global.utility2.objectSetDefault(","                local.global.utility2_rollup || local.global.local,","                local.global.utility2","            );","            break;","        // re-init local from example.js","        case 'node':","            local = (local.global.utility2_rollup || require('utility2'))","                .requireReadme();","            break;","        }","        // export local","        local.global.local = local;","    }());","","","","    // run shared js-env code - function","    (function () {","        return;","    }());","    switch (local.modeJs) {","","","","    // run browser js-env code - function","    case 'browser':","        break;","","","","    // run node js-env code - function","    case 'node':","        break;","    }","","","","    // run shared js-env code - init-after","    (function () {","        return;","    }());","    switch (local.modeJs) {","","","","    // run browser js-env code - init-after","    case 'browser':","        local.testCase_browser_nullCase = local.testCase_browser_nullCase || function (","            options,","            onError","        ) {","        /*","         * this function will test browsers's null-case handling-behavior-behavior","         */","            onError(null, options);","        };","","        // run tests","        local.nop(local.modeTest &&","            document.querySelector('#testRunButton1') &&","            document.querySelector('#testRunButton1').click());","        break;","","","","    // run node js-env code - init-after","    /* istanbul ignore next */","    case 'node':","        local.testCase_buildApidoc_default = local.testCase_buildApidoc_default || function (","            options,","            onError","        ) {","        /*","         * this function will test buildApidoc's default handling-behavior-behavior","         */","            options = { modulePathList: module.paths };","            local.buildApidoc(options, onError);","        };","","        local.testCase_buildApp_default = local.testCase_buildApp_default || function (","            options,","            onError","        ) {","        /*","         * this function will test buildApp's default handling-behavior-behavior","         */","            local.testCase_buildReadme_default(options, local.onErrorThrow);","            local.testCase_buildLib_default(options, local.onErrorThrow);","            local.testCase_buildTest_default(options, local.onErrorThrow);","            local.testCase_buildCustomOrg_default(options, local.onErrorThrow);","            options = [];","            local.buildApp(options, onError);","        };","","        local.testCase_buildCustomOrg_default = local.testCase_buildCustomOrg_default ||","            function (options, onError) {","            /*","             * this function will test buildCustomOrg's default handling-behavior","             */","                options = {};","                local.buildCustomOrg(options, onError);","            };","","        local.testCase_buildLib_default = local.testCase_buildLib_default || function (","            options,","            onError","        ) {","        /*","         * this function will test buildLib's default handling-behavior","         */","            options = {};","            local.buildLib(options, onError);","        };","","        local.testCase_buildReadme_default = local.testCase_buildReadme_default || function (","            options,","            onError","        ) {","        /*","         * this function will test buildReadme's default handling-behavior-behavior","         */","            options = {};","            local.buildReadme(options, onError);","        };","","        local.testCase_buildTest_default = local.testCase_buildTest_default || function (","            options,","            onError","        ) {","        /*","         * this function will test buildTest's default handling-behavior","         */","            options = {};","            local.buildTest(options, onError);","        };","","        local.testCase_webpage_default = local.testCase_webpage_default || function (","            options,","            onError","        ) {","        /*","         * this function will test webpage's default handling-behavior","         */","            options = { modeCoverageMerge: true, url: local.serverLocalHost + '?modeTest=1' };","            local.browserTest(options, onError);","        };","","        // run test-server","        local.testRunServer(local);","        break;","    }","}());",""],"l":{"12":2,"14":2,"19":2,"21":2,"23":2,"24":2,"25":2,"30":1,"37":2,"40":2,"43":1,"47":1,"50":1,"52":1,"55":2,"61":2,"62":2,"64":2,"70":1,"76":1,"82":2,"83":2,"85":2,"91":1,"98":1,"102":1,"105":1,"112":1,"119":1,"120":1,"123":1,"130":1,"131":1,"132":1,"133":1,"134":1,"135":1,"138":1,"143":2,"144":2,"147":1,"154":2,"155":2,"158":1,"165":2,"166":2,"169":1,"176":2,"177":2,"180":1,"187":1,"188":1,"192":1,"193":1}},"/home/travis/build/npmtest/node-npmtest-tinder/lib.npmtest_tinder.js":{"path":"/home/travis/build/npmtest/node-npmtest-tinder/lib.npmtest_tinder.js","s":{"1":2,"2":2,"3":2,"4":2,"5":2,"6":2,"7":2,"8":1,"9":2,"10":2,"11":2,"12":2,"13":1,"14":1,"15":1,"16":1},"b":{"1":[2,1,1,1],"2":[1,1,1,1],"3":[1,1],"4":[2,2],"5":[1,1]},"f":{"1":2,"2":2,"3":2},"fnMap":{"1":{"name":"(anonymous_1)","line":12,"loc":{"start":{"line":12,"column":1},"end":{"line":12,"column":13}}},"2":{"name":"(anonymous_2)","line":19,"loc":{"start":{"line":19,"column":5},"end":{"line":19,"column":17}}},"3":{"name":"(anonymous_3)","line":23,"loc":{"start":{"line":23,"column":24},"end":{"line":23,"column":36}}}},"statementMap":{"1":{"start":{"line":12,"column":0},"end":{"line":53,"column":5}},"2":{"start":{"line":14,"column":4},"end":{"line":14,"column":14}},"3":{"start":{"line":19,"column":4},"end":{"line":52,"column":9}},"4":{"start":{"line":21,"column":8},"end":{"line":21,"column":19}},"5":{"start":{"line":23,"column":8},"end":{"line":35,"column":13}},"6":{"start":{"line":24,"column":12},"end":{"line":34,"column":13}},"7":{"start":{"line":25,"column":16},"end":{"line":28,"column":30}},"8":{"start":{"line":30,"column":16},"end":{"line":33,"column":27}},"9":{"start":{"line":37,"column":8},"end":{"line":39,"column":21}},"10":{"start":{"line":41,"column":8},"end":{"line":41,"column":54}},"11":{"start":{"line":43,"column":8},"end":{"line":43,"column":51}},"12":{"start":{"line":45,"column":8},"end":{"line":51,"column":9}},"13":{"start":{"line":46,"column":12},"end":{"line":46,"column":57}},"14":{"start":{"line":48,"column":12},"end":{"line":48,"column":35}},"15":{"start":{"line":49,"column":12},"end":{"line":49,"column":49}},"16":{"start":{"line":50,"column":12},"end":{"line":50,"column":43}}},"branchMap":{"1":{"line":25,"type":"binary-expr","locations":[{"start":{"line":25,"column":23},"end":{"line":25,"column":62}},{"start":{"line":26,"column":20},"end":{"line":26,"column":70}},{"start":{"line":27,"column":20},"end":{"line":27,"column":71}},{"start":{"line":28,"column":20},"end":{"line":28,"column":29}}]},"2":{"line":30,"type":"binary-expr","locations":[{"start":{"line":30,"column":23},"end":{"line":30,"column":37}},{"start":{"line":31,"column":20},"end":{"line":31,"column":61}},{"start":{"line":32,"column":20},"end":{"line":32,"column":70}},{"start":{"line":33,"column":20},"end":{"line":33,"column":26}}]},"3":{"line":37,"type":"cond-expr","locations":[{"start":{"line":38,"column":14},"end":{"line":38,"column":20}},{"start":{"line":39,"column":14},"end":{"line":39,"column":20}}]},"4":{"line":41,"type":"binary-expr","locations":[{"start":{"line":41,"column":16},"end":{"line":41,"column":44}},{"start":{"line":41,"column":48},"end":{"line":41,"column":53}}]},"5":{"line":45,"type":"if","locations":[{"start":{"line":45,"column":8},"end":{"line":45,"column":8}},{"start":{"line":45,"column":8},"end":{"line":45,"column":8}}]}},"code":["/* istanbul instrument in package npmtest_tinder */","/*jslint","    bitwise: true,","    browser: true,","    maxerr: 8,","    maxlen: 96,","    node: true,","    nomen: true,","    regexp: true,","    stupid: true","*/","(function () {","    'use strict';","    var local;","","","","    // run shared js-env code - init-before","    (function () {","        // init local","        local = {};","        // init modeJs","        local.modeJs = (function () {","            try {","                return typeof navigator.userAgent === 'string' &&","                    typeof document.querySelector('body') === 'object' &&","                    typeof XMLHttpRequest.prototype.open === 'function' &&","                    'browser';","            } catch (errorCaughtBrowser) {","                return module.exports &&","                    typeof process.versions.node === 'string' &&","                    typeof require('http').createServer === 'function' &&","                    'node';","            }","        }());","        // init global","        local.global = local.modeJs === 'browser'","            ? window","            : global;","        // init utility2_rollup","        local = local.global.utility2_rollup || local;","        // init lib","        local.local = local.npmtest_tinder = local;","        // init exports","        if (local.modeJs === 'browser') {","            local.global.utility2_npmtest_tinder = local;","        } else {","            module.exports = local;","            module.exports.__dirname = __dirname;","            module.exports.module = module;","        }","    }());","}());",""],"l":{"12":2,"14":2,"19":2,"21":2,"23":2,"24":2,"25":2,"30":1,"37":2,"41":2,"43":2,"45":2,"46":1,"48":1,"49":1,"50":1}},"/home/travis/build/npmtest/node-npmtest-tinder/example.js":{"path":"/home/travis/build/npmtest/node-npmtest-tinder/example.js","s":{"1":2,"2":2,"3":2,"4":2,"5":2,"6":2,"7":2,"8":1,"9":2,"10":2,"11":2,"12":2,"13":1,"14":2,"15":2,"16":2,"17":2,"18":2,"19":0,"20":2,"21":1,"22":1,"23":1,"24":1,"25":1,"26":0,"27":0,"28":1,"29":1,"30":2,"31":0,"32":0,"33":0,"34":1,"35":2,"36":2,"37":3,"38":3,"39":3,"40":3,"41":0,"42":3,"43":3,"44":3,"45":1,"46":3,"47":1,"48":1,"49":1,"50":1,"51":1,"52":1,"53":1,"54":1,"55":1,"56":1,"57":0,"58":1,"59":6,"60":6,"61":1,"62":2,"63":0,"64":2,"65":1,"66":1,"67":0,"68":0,"69":0,"70":0,"71":0,"72":0,"73":0,"74":0,"75":0,"76":0,"77":0,"78":0,"79":0,"80":0,"81":0,"82":0,"83":0},"b":{"1":[2,1,1,1],"2":[1,1,1,1],"3":[1,1],"4":[2,2],"5":[1,1],"6":[1,1],"7":[2,0],"8":[2,1,1,1,1,1],"9":[0,2,0],"10":[1,1],"11":[2,1,1],"12":[1,0],"13":[0,2],"14":[2,0,0,0,0,0,0],"15":[0,3],"16":[3,0],"17":[1,1],"18":[0,1],"19":[1,2,0,2],"20":[1,0],"21":[1,1],"22":[0,0],"23":[0,0],"24":[0,0],"25":[0,0],"26":[0,0],"27":[0,0],"28":[0,0]},"f":{"1":2,"2":2,"3":2,"4":2,"5":2,"6":2,"7":3,"8":3,"9":3,"10":1,"11":6,"12":0},"fnMap":{"1":{"name":"(anonymous_1)","line":26,"loc":{"start":{"line":26,"column":1},"end":{"line":26,"column":13}}},"2":{"name":"(anonymous_2)","line":33,"loc":{"start":{"line":33,"column":5},"end":{"line":33,"column":17}}},"3":{"name":"(anonymous_3)","line":37,"loc":{"start":{"line":37,"column":24},"end":{"line":37,"column":36}}},"4":{"name":"(anonymous_4)","line":69,"loc":{"start":{"line":69,"column":31},"end":{"line":69,"column":48}},"skip":true},"5":{"name":"(anonymous_5)","line":78,"loc":{"start":{"line":78,"column":26},"end":{"line":78,"column":45}},"skip":true},"6":{"name":"(anonymous_6)","line":123,"loc":{"start":{"line":123,"column":33},"end":{"line":123,"column":48}},"skip":true},"7":{"name":"(anonymous_7)","line":125,"loc":{"start":{"line":125,"column":27},"end":{"line":125,"column":39}},"skip":true},"8":{"name":"(anonymous_8)","line":133,"loc":{"start":{"line":133,"column":59},"end":{"line":133,"column":74}},"skip":true},"9":{"name":"(anonymous_9)","line":143,"loc":{"start":{"line":143,"column":45},"end":{"line":143,"column":62}},"skip":true},"10":{"name":"(anonymous_10)","line":144,"loc":{"start":{"line":144,"column":73},"end":{"line":144,"column":92}},"skip":true},"11":{"name":"(anonymous_11)","line":272,"loc":{"start":{"line":272,"column":51},"end":{"line":272,"column":77}},"skip":true},"12":{"name":"(anonymous_12)","line":315,"loc":{"start":{"line":315,"column":32},"end":{"line":315,"column":61}},"skip":true}},"statementMap":{"1":{"start":{"line":26,"column":0},"end":{"line":326,"column":5}},"2":{"start":{"line":28,"column":4},"end":{"line":28,"column":14}},"3":{"start":{"line":33,"column":4},"end":{"line":60,"column":9}},"4":{"start":{"line":35,"column":8},"end":{"line":35,"column":19}},"5":{"start":{"line":37,"column":8},"end":{"line":49,"column":13}},"6":{"start":{"line":38,"column":12},"end":{"line":48,"column":13}},"7":{"start":{"line":39,"column":16},"end":{"line":42,"column":30}},"8":{"start":{"line":44,"column":16},"end":{"line":47,"column":27}},"9":{"start":{"line":51,"column":8},"end":{"line":53,"column":21}},"10":{"start":{"line":55,"column":8},"end":{"line":57,"column":45}},"11":{"start":{"line":59,"column":8},"end":{"line":59,"column":35}},"12":{"start":{"line":61,"column":4},"end":{"line":325,"column":5}},"13":{"start":{"line":69,"column":8},"end":{"line":121,"column":10},"skip":true},"14":{"start":{"line":70,"column":12},"end":{"line":88,"column":13},"skip":true},"15":{"start":{"line":76,"column":16},"end":{"line":87,"column":19},"skip":true},"16":{"start":{"line":79,"column":20},"end":{"line":86,"column":21},"skip":true},"17":{"start":{"line":82,"column":24},"end":{"line":82,"column":43},"skip":true},"18":{"start":{"line":83,"column":24},"end":{"line":83,"column":30},"skip":true},"19":{"start":{"line":85,"column":24},"end":{"line":85,"column":49},"skip":true},"20":{"start":{"line":89,"column":12},"end":{"line":107,"column":13},"skip":true},"21":{"start":{"line":92,"column":16},"end":{"line":102,"column":17},"skip":true},"22":{"start":{"line":93,"column":20},"end":{"line":93,"column":86},"skip":true},"23":{"start":{"line":94,"column":20},"end":{"line":95,"column":45},"skip":true},"24":{"start":{"line":96,"column":20},"end":{"line":96,"column":42},"skip":true},"25":{"start":{"line":97,"column":20},"end":{"line":97,"column":48},"skip":true},"26":{"start":{"line":100,"column":20},"end":{"line":100,"column":85},"skip":true},"27":{"start":{"line":101,"column":20},"end":{"line":101,"column":96},"skip":true},"28":{"start":{"line":103,"column":16},"end":{"line":103,"column":22},"skip":true},"29":{"start":{"line":106,"column":16},"end":{"line":106,"column":22},"skip":true},"30":{"start":{"line":108,"column":12},"end":{"line":120,"column":13},"skip":true},"31":{"start":{"line":114,"column":16},"end":{"line":119,"column":17},"skip":true},"32":{"start":{"line":116,"column":20},"end":{"line":116,"column":78},"skip":true},"33":{"start":{"line":118,"column":20},"end":{"line":118,"column":47},"skip":true},"34":{"start":{"line":123,"column":8},"end":{"line":141,"column":11},"skip":true},"35":{"start":{"line":124,"column":12},"end":{"line":124,"column":54},"skip":true},"36":{"start":{"line":125,"column":12},"end":{"line":140,"column":14},"skip":true},"37":{"start":{"line":126,"column":16},"end":{"line":126,"column":28},"skip":true},"38":{"start":{"line":127,"column":16},"end":{"line":127,"column":69},"skip":true},"39":{"start":{"line":128,"column":16},"end":{"line":128,"column":75},"skip":true},"40":{"start":{"line":129,"column":16},"end":{"line":131,"column":17},"skip":true},"41":{"start":{"line":130,"column":20},"end":{"line":130,"column":27},"skip":true},"42":{"start":{"line":133,"column":16},"end":{"line":137,"column":36},"skip":true},"43":{"start":{"line":134,"column":20},"end":{"line":136,"column":55},"skip":true},"44":{"start":{"line":139,"column":16},"end":{"line":139,"column":57},"skip":true},"45":{"start":{"line":143,"column":8},"end":{"line":147,"column":11},"skip":true},"46":{"start":{"line":144,"column":12},"end":{"line":146,"column":15},"skip":true},"47":{"start":{"line":145,"column":16},"end":{"line":145,"column":70},"skip":true},"48":{"start":{"line":149,"column":8},"end":{"line":149,"column":31},"skip":true},"49":{"start":{"line":150,"column":8},"end":{"line":150,"column":14},"skip":true},"50":{"start":{"line":158,"column":8},"end":{"line":158,"column":31},"skip":true},"51":{"start":{"line":160,"column":8},"end":{"line":160,"column":33},"skip":true},"52":{"start":{"line":161,"column":8},"end":{"line":161,"column":37},"skip":true},"53":{"start":{"line":162,"column":8},"end":{"line":162,"column":35},"skip":true},"54":{"start":{"line":164,"column":8},"end":{"line":164,"column":50},"skip":true},"55":{"start":{"line":166,"column":8},"end":{"line":256,"column":2},"skip":true},"56":{"start":{"line":258,"column":8},"end":{"line":286,"column":9},"skip":true},"57":{"start":{"line":259,"column":12},"end":{"line":269,"column":14},"skip":true},"58":{"start":{"line":271,"column":12},"end":{"line":285,"column":19},"skip":true},"59":{"start":{"line":274,"column":20},"end":{"line":274,"column":35},"skip":true},"60":{"start":{"line":275,"column":20},"end":{"line":284,"column":21},"skip":true},"61":{"start":{"line":277,"column":24},"end":{"line":277,"column":64},"skip":true},"62":{"start":{"line":279,"column":24},"end":{"line":279,"column":40},"skip":true},"63":{"start":{"line":281,"column":24},"end":{"line":281,"column":40},"skip":true},"64":{"start":{"line":283,"column":24},"end":{"line":283,"column":39},"skip":true},"65":{"start":{"line":288,"column":8},"end":{"line":290,"column":9},"skip":true},"66":{"start":{"line":289,"column":12},"end":{"line":289,"column":18},"skip":true},"67":{"start":{"line":291,"column":8},"end":{"line":293,"column":54},"skip":true},"68":{"start":{"line":296,"column":8},"end":{"line":301,"column":37},"skip":true},"69":{"start":{"line":303,"column":8},"end":{"line":303,"column":82},"skip":true},"70":{"start":{"line":306,"column":8},"end":{"line":308,"column":9},"skip":true},"71":{"start":{"line":307,"column":12},"end":{"line":307,"column":82},"skip":true},"72":{"start":{"line":310,"column":8},"end":{"line":312,"column":9},"skip":true},"73":{"start":{"line":311,"column":12},"end":{"line":311,"column":18},"skip":true},"74":{"start":{"line":313,"column":8},"end":{"line":313,"column":54},"skip":true},"75":{"start":{"line":314,"column":8},"end":{"line":314,"column":69},"skip":true},"76":{"start":{"line":315,"column":8},"end":{"line":323,"column":36},"skip":true},"77":{"start":{"line":316,"column":12},"end":{"line":316,"column":61},"skip":true},"78":{"start":{"line":317,"column":12},"end":{"line":320,"column":13},"skip":true},"79":{"start":{"line":318,"column":16},"end":{"line":318,"column":75},"skip":true},"80":{"start":{"line":319,"column":16},"end":{"line":319,"column":23},"skip":true},"81":{"start":{"line":321,"column":12},"end":{"line":321,"column":38},"skip":true},"82":{"start":{"line":322,"column":12},"end":{"line":322,"column":27},"skip":true},"83":{"start":{"line":324,"column":8},"end":{"line":324,"column":14},"skip":true}},"branchMap":{"1":{"line":39,"type":"binary-expr","locations":[{"start":{"line":39,"column":23},"end":{"line":39,"column":62}},{"start":{"line":40,"column":20},"end":{"line":40,"column":70}},{"start":{"line":41,"column":20},"end":{"line":41,"column":71}},{"start":{"line":42,"column":20},"end":{"line":42,"column":29}}]},"2":{"line":44,"type":"binary-expr","locations":[{"start":{"line":44,"column":23},"end":{"line":44,"column":37}},{"start":{"line":45,"column":20},"end":{"line":45,"column":61}},{"start":{"line":46,"column":20},"end":{"line":46,"column":70}},{"start":{"line":47,"column":20},"end":{"line":47,"column":26}}]},"3":{"line":51,"type":"cond-expr","locations":[{"start":{"line":52,"column":14},"end":{"line":52,"column":20}},{"start":{"line":53,"column":14},"end":{"line":53,"column":20}}]},"4":{"line":55,"type":"binary-expr","locations":[{"start":{"line":55,"column":16},"end":{"line":55,"column":44}},{"start":{"line":55,"column":49},"end":{"line":57,"column":43}}]},"5":{"line":55,"type":"cond-expr","locations":[{"start":{"line":56,"column":14},"end":{"line":56,"column":50}},{"start":{"line":57,"column":14},"end":{"line":57,"column":43}}]},"6":{"line":61,"type":"switch","locations":[{"start":{"line":68,"column":4},"end":{"line":150,"column":14},"skip":true},{"start":{"line":156,"column":4},"end":{"line":324,"column":14},"skip":true}]},"7":{"line":70,"type":"if","locations":[{"start":{"line":70,"column":12},"end":{"line":70,"column":12},"skip":true},{"start":{"line":70,"column":12},"end":{"line":70,"column":12},"skip":true}]},"8":{"line":70,"type":"binary-expr","locations":[{"start":{"line":70,"column":16},"end":{"line":70,"column":22},"skip":true},{"start":{"line":70,"column":27},"end":{"line":70,"column":32},"skip":true},{"start":{"line":71,"column":20},"end":{"line":71,"column":39},"skip":true},{"start":{"line":72,"column":20},"end":{"line":72,"column":49},"skip":true},{"start":{"line":73,"column":20},"end":{"line":73,"column":58},"skip":true},{"start":{"line":74,"column":20},"end":{"line":74,"column":69},"skip":true}]},"9":{"line":79,"type":"switch","locations":[{"start":{"line":80,"column":20},"end":{"line":80,"column":33},"skip":true},{"start":{"line":81,"column":20},"end":{"line":83,"column":30},"skip":true},{"start":{"line":84,"column":20},"end":{"line":85,"column":49},"skip":true}]},"10":{"line":89,"type":"switch","locations":[{"start":{"line":90,"column":12},"end":{"line":103,"column":22},"skip":true},{"start":{"line":105,"column":12},"end":{"line":106,"column":22},"skip":true}]},"11":{"line":89,"type":"binary-expr","locations":[{"start":{"line":89,"column":20},"end":{"line":89,"column":25},"skip":true},{"start":{"line":89,"column":29},"end":{"line":89,"column":48},"skip":true},{"start":{"line":89,"column":52},"end":{"line":89,"column":74},"skip":true}]},"12":{"line":92,"type":"if","locations":[{"start":{"line":92,"column":16},"end":{"line":92,"column":16},"skip":true},{"start":{"line":92,"column":16},"end":{"line":92,"column":16},"skip":true}]},"13":{"line":108,"type":"if","locations":[{"start":{"line":108,"column":12},"end":{"line":108,"column":12},"skip":true},{"start":{"line":108,"column":12},"end":{"line":108,"column":12},"skip":true}]},"14":{"line":108,"type":"binary-expr","locations":[{"start":{"line":108,"column":16},"end":{"line":108,"column":61},"skip":true},{"start":{"line":108,"column":66},"end":{"line":108,"column":72},"skip":true},{"start":{"line":108,"column":77},"end":{"line":108,"column":82},"skip":true},{"start":{"line":109,"column":20},"end":{"line":109,"column":39},"skip":true},{"start":{"line":110,"column":20},"end":{"line":110,"column":49},"skip":true},{"start":{"line":111,"column":20},"end":{"line":111,"column":58},"skip":true},{"start":{"line":112,"column":20},"end":{"line":112,"column":68},"skip":true}]},"15":{"line":129,"type":"if","locations":[{"start":{"line":129,"column":16},"end":{"line":129,"column":16},"skip":true},{"start":{"line":129,"column":16},"end":{"line":129,"column":16},"skip":true}]},"16":{"line":134,"type":"cond-expr","locations":[{"start":{"line":135,"column":26},"end":{"line":135,"column":29},"skip":true},{"start":{"line":136,"column":26},"end":{"line":136,"column":54},"skip":true}]},"17":{"line":164,"type":"binary-expr","locations":[{"start":{"line":164,"column":27},"end":{"line":164,"column":43},"skip":true},{"start":{"line":164,"column":47},"end":{"line":164,"column":49},"skip":true}]},"18":{"line":258,"type":"if","locations":[{"start":{"line":258,"column":8},"end":{"line":258,"column":8},"skip":true},{"start":{"line":258,"column":8},"end":{"line":258,"column":8},"skip":true}]},"19":{"line":275,"type":"switch","locations":[{"start":{"line":276,"column":20},"end":{"line":277,"column":64},"skip":true},{"start":{"line":278,"column":20},"end":{"line":279,"column":40},"skip":true},{"start":{"line":280,"column":20},"end":{"line":281,"column":40},"skip":true},{"start":{"line":282,"column":20},"end":{"line":283,"column":39},"skip":true}]},"20":{"line":288,"type":"if","locations":[{"start":{"line":288,"column":8},"end":{"line":288,"column":8},"skip":true},{"start":{"line":288,"column":8},"end":{"line":288,"column":8},"skip":true}]},"21":{"line":288,"type":"binary-expr","locations":[{"start":{"line":288,"column":12},"end":{"line":288,"column":40},"skip":true},{"start":{"line":288,"column":44},"end":{"line":288,"column":67},"skip":true}]},"22":{"line":292,"type":"binary-expr","locations":[{"start":{"line":292,"column":12},"end":{"line":292,"column":50},"skip":true},{"start":{"line":293,"column":12},"end":{"line":293,"column":53},"skip":true}]},"23":{"line":297,"type":"binary-expr","locations":[{"start":{"line":297,"column":12},"end":{"line":297,"column":64},"skip":true},{"start":{"line":298,"column":12},"end":{"line":301,"column":36},"skip":true}]},"24":{"line":303,"type":"binary-expr","locations":[{"start":{"line":303,"column":43},"end":{"line":303,"column":75},"skip":true},{"start":{"line":303,"column":79},"end":{"line":303,"column":81},"skip":true}]},"25":{"line":306,"type":"if","locations":[{"start":{"line":306,"column":8},"end":{"line":306,"column":8},"skip":true},{"start":{"line":306,"column":8},"end":{"line":306,"column":8},"skip":true}]},"26":{"line":310,"type":"if","locations":[{"start":{"line":310,"column":8},"end":{"line":310,"column":8},"skip":true},{"start":{"line":310,"column":8},"end":{"line":310,"column":8},"skip":true}]},"27":{"line":313,"type":"binary-expr","locations":[{"start":{"line":313,"column":27},"end":{"line":313,"column":43},"skip":true},{"start":{"line":313,"column":47},"end":{"line":313,"column":53},"skip":true}]},"28":{"line":317,"type":"if","locations":[{"start":{"line":317,"column":12},"end":{"line":317,"column":12},"skip":true},{"start":{"line":317,"column":12},"end":{"line":317,"column":12},"skip":true}]}},"code":["/*","example.js","","quickstart example","","instruction","    1. save this script as example.js","    2. run the shell command:","        $ npm install npmtest-tinder && PORT=8081 node example.js","    3. play with the browser-demo on http://127.0.0.1:8081","*/","","","","/* istanbul instrument in package npmtest_tinder */","/*jslint","    bitwise: true,","    browser: true,","    maxerr: 8,","    maxlen: 96,","    node: true,","    nomen: true,","    regexp: true,","    stupid: true","*/","(function () {","    'use strict';","    var local;","","","","    // run shared js-env code - init-before","    (function () {","        // init local","        local = {};","        // init modeJs","        local.modeJs = (function () {","            try {","                return typeof navigator.userAgent === 'string' &&","                    typeof document.querySelector('body') === 'object' &&","                    typeof XMLHttpRequest.prototype.open === 'function' &&","                    'browser';","            } catch (errorCaughtBrowser) {","                return module.exports &&","                    typeof process.versions.node === 'string' &&","                    typeof require('http').createServer === 'function' &&","                    'node';","            }","        }());","        // init global","        local.global = local.modeJs === 'browser'","            ? window","            : global;","        // init utility2_rollup","        local = local.global.utility2_rollup || (local.modeJs === 'browser'","            ? local.global.utility2_npmtest_tinder","            : global.utility2_moduleExports);","        // export local","        local.global.local = local;","    }());","    switch (local.modeJs) {","","","","    // init-after","    // run browser js-env code - init-after","    /* istanbul ignore next */","    case 'browser':","        local.testRunBrowser = function (event) {","            if (!event || (event &&","                    event.currentTarget &&","                    event.currentTarget.className &&","                    event.currentTarget.className.includes &&","                    event.currentTarget.className.includes('onreset'))) {","                // reset output","                Array.from(","                    document.querySelectorAll('body > .resettable')","                ).forEach(function (element) {","                    switch (element.tagName) {","                    case 'INPUT':","                    case 'TEXTAREA':","                        element.value = '';","                        break;","                    default:","                        element.textContent = '';","                    }","                });","            }","            switch (event && event.currentTarget && event.currentTarget.id) {","            case 'testRunButton1':","                // show tests","                if (document.querySelector('#testReportDiv1').style.display === 'none') {","                    document.querySelector('#testReportDiv1').style.display = 'block';","                    document.querySelector('#testRunButton1').textContent =","                        'hide internal test';","                    local.modeTest = true;","                    local.testRunDefault(local);","                // hide tests","                } else {","                    document.querySelector('#testReportDiv1').style.display = 'none';","                    document.querySelector('#testRunButton1').textContent = 'run internal test';","                }","                break;","            // custom-case","            default:","                break;","            }","            if (document.querySelector('#inputTextareaEval1') && (!event || (event &&","                    event.currentTarget &&","                    event.currentTarget.className &&","                    event.currentTarget.className.includes &&","                    event.currentTarget.className.includes('oneval')))) {","                // try to eval input-code","                try {","                    /*jslint evil: true*/","                    eval(document.querySelector('#inputTextareaEval1').value);","                } catch (errorCaught) {","                    console.error(errorCaught);","                }","            }","        };","        // log stderr and stdout to #outputTextareaStdout1","        ['error', 'log'].forEach(function (key) {","            console[key + '_original'] = console[key];","            console[key] = function () {","                var element;","                console[key + '_original'].apply(console, arguments);","                element = document.querySelector('#outputTextareaStdout1');","                if (!element) {","                    return;","                }","                // append text to #outputTextareaStdout1","                element.value += Array.from(arguments).map(function (arg) {","                    return typeof arg === 'string'","                        ? arg","                        : JSON.stringify(arg, null, 4);","                }).join(' ') + '\\n';","                // scroll textarea to bottom","                element.scrollTop = element.scrollHeight;","            };","        });","        // init event-handling","        ['change', 'click', 'keyup'].forEach(function (event) {","            Array.from(document.querySelectorAll('.on' + event)).forEach(function (element) {","                element.addEventListener(event, local.testRunBrowser);","            });","        });","        // run tests","        local.testRunBrowser();","        break;","","","","    // run node js-env code - init-after","    /* istanbul ignore next */","    case 'node':","        // export local","        module.exports = local;","        // require modules","        local.fs = require('fs');","        local.http = require('http');","        local.url = require('url');","        // init assets","        local.assetsDict = local.assetsDict || {};","        /* jslint-ignore-begin */","        local.assetsDict['/assets.index.template.html'] = '\\","<!doctype html>\\n\\","<html lang=\"en\">\\n\\","<head>\\n\\","<meta charset=\"UTF-8\">\\n\\","<meta name=\"viewport\" content=\"width=device-width, initial-scale=1\">\\n\\","<title>{{env.npm_package_name}} (v{{env.npm_package_version}})</title>\\n\\","<style>\\n\\","/*csslint\\n\\","    box-sizing: false,\\n\\","    universal-selector: false\\n\\","*/\\n\\","* {\\n\\","    box-sizing: border-box;\\n\\","}\\n\\","body {\\n\\","    background: #dde;\\n\\","    font-family: Arial, Helvetica, sans-serif;\\n\\","    margin: 2rem;\\n\\","}\\n\\","body > * {\\n\\","    margin-bottom: 1rem;\\n\\","}\\n\\",".utility2FooterDiv {\\n\\","    margin-top: 20px;\\n\\","    text-align: center;\\n\\","}\\n\\","</style>\\n\\","<style>\\n\\","/*csslint\\n\\","*/\\n\\","textarea {\\n\\","    font-family: monospace;\\n\\","    height: 10rem;\\n\\","    width: 100%;\\n\\","}\\n\\","textarea[readonly] {\\n\\","    background: #ddd;\\n\\","}\\n\\","</style>\\n\\","</head>\\n\\","<body>\\n\\","<!-- utility2-comment\\n\\","<div id=\"ajaxProgressDiv1\" style=\"background: #d00; height: 2px; left: 0; margin: 0; padding: 0; position: fixed; top: 0; transition: background 0.5s, width 1.5s; width: 25%;\"></div>\\n\\","utility2-comment -->\\n\\","<h1>\\n\\","<!-- utility2-comment\\n\\","    <a\\n\\","        {{#if env.npm_package_homepage}}\\n\\","        href=\"{{env.npm_package_homepage}}\"\\n\\","        {{/if env.npm_package_homepage}}\\n\\","        target=\"_blank\"\\n\\","    >\\n\\","utility2-comment -->\\n\\","        {{env.npm_package_name}} (v{{env.npm_package_version}})\\n\\","<!-- utility2-comment\\n\\","    </a>\\n\\","utility2-comment -->\\n\\","</h1>\\n\\","<h3>{{env.npm_package_description}}</h3>\\n\\","<!-- utility2-comment\\n\\","<h4><a download href=\"assets.app.js\">download standalone app</a></h4>\\n\\","<button class=\"onclick onreset\" id=\"testRunButton1\">run internal test</button><br>\\n\\","<div id=\"testReportDiv1\" style=\"display: none;\"></div>\\n\\","utility2-comment -->\\n\\","\\n\\","\\n\\","\\n\\","<label>stderr and stdout</label>\\n\\","<textarea class=\"resettable\" id=\"outputTextareaStdout1\" readonly></textarea>\\n\\","<!-- utility2-comment\\n\\","{{#if isRollup}}\\n\\","<script src=\"assets.app.js\"></script>\\n\\","{{#unless isRollup}}\\n\\","utility2-comment -->\\n\\","<script src=\"assets.utility2.rollup.js\"></script>\\n\\","<script src=\"jsonp.utility2._stateInit?callback=window.utility2._stateInit\"></script>\\n\\","<script src=\"assets.npmtest_tinder.rollup.js\"></script>\\n\\","<script src=\"assets.example.js\"></script>\\n\\","<script src=\"assets.test.js\"></script>\\n\\","<!-- utility2-comment\\n\\","{{/if isRollup}}\\n\\","utility2-comment -->\\n\\","<div class=\"utility2FooterDiv\">\\n\\","    [ this app was created with\\n\\","    <a href=\"https://github.com/kaizhu256/node-utility2\" target=\"_blank\">utility2</a>\\n\\","    ]\\n\\","</div>\\n\\","</body>\\n\\","</html>\\n\\","';","        /* jslint-ignore-end */","        if (local.templateRender) {","            local.assetsDict['/'] = local.templateRender(","                local.assetsDict['/assets.index.template.html'],","                {","                    env: local.objectSetDefault(local.env, {","                        npm_package_description: 'the greatest app in the world!',","                        npm_package_name: 'my-app',","                        npm_package_nameAlias: 'my_app',","                        npm_package_version: '0.0.1'","                    })","                }","            );","        } else {","            local.assetsDict['/'] = local.assetsDict['/assets.index.template.html']","                .replace((/\\{\\{env\\.(\\w+?)\\}\\}/g), function (match0, match1) {","                    // jslint-hack","                    String(match0);","                    switch (match1) {","                    case 'npm_package_description':","                        return 'the greatest app in the world!';","                    case 'npm_package_name':","                        return 'my-app';","                    case 'npm_package_nameAlias':","                        return 'my_app';","                    case 'npm_package_version':","                        return '0.0.1';","                    }","                });","        }","        // run the cli","        if (local.global.utility2_rollup || module !== require.main) {","            break;","        }","        local.assetsDict['/assets.example.js'] =","            local.assetsDict['/assets.example.js'] ||","            local.fs.readFileSync(__filename, 'utf8');","        // bug-workaround - long $npm_package_buildCustomOrg","        /* jslint-ignore-begin */","        local.assetsDict['/assets.npmtest_tinder.rollup.js'] =","            local.assetsDict['/assets.npmtest_tinder.rollup.js'] ||","            local.fs.readFileSync(","                local.npmtest_tinder.__dirname + '/lib.npmtest_tinder.js',","                'utf8'","            ).replace((/^#!/), '//');","        /* jslint-ignore-end */","        local.assetsDict['/favicon.ico'] = local.assetsDict['/favicon.ico'] || '';","        // if $npm_config_timeout_exit exists,","        // then exit this process after $npm_config_timeout_exit ms","        if (Number(process.env.npm_config_timeout_exit)) {","            setTimeout(process.exit, Number(process.env.npm_config_timeout_exit));","        }","        // start server","        if (local.global.utility2_serverHttp1) {","            break;","        }","        process.env.PORT = process.env.PORT || '8081';","        console.error('server starting on port ' + process.env.PORT);","        local.http.createServer(function (request, response) {","            request.urlParsed = local.url.parse(request.url);","            if (local.assetsDict[request.urlParsed.pathname] !== undefined) {","                response.end(local.assetsDict[request.urlParsed.pathname]);","                return;","            }","            response.statusCode = 404;","            response.end();","        }).listen(process.env.PORT);","        break;","    }","}());",""],"l":{"26":2,"28":2,"33":2,"35":2,"37":2,"38":2,"39":2,"44":1,"51":2,"55":2,"59":2,"61":2,"69":1,"70":2,"76":2,"79":2,"82":2,"83":2,"85":1,"89":2,"92":1,"93":1,"94":1,"96":1,"97":1,"100":1,"101":1,"103":1,"106":1,"108":2,"114":1,"116":1,"118":1,"123":1,"124":2,"125":2,"126":3,"127":3,"128":3,"129":3,"130":1,"133":3,"134":3,"139":3,"143":1,"144":3,"145":1,"149":1,"150":1,"158":1,"160":1,"161":1,"162":1,"164":1,"166":1,"258":1,"259":1,"271":1,"274":6,"275":6,"277":1,"279":2,"281":1,"283":2,"288":1,"289":1,"291":1,"296":1,"303":1,"306":1,"307":1,"310":1,"311":1,"313":1,"314":1,"315":1,"316":1,"317":1,"318":1,"319":1,"321":1,"322":1,"324":1}},"/home/travis/build/npmtest/node-npmtest-tinder/node_modules/tinder/tinder.js":{"path":"/home/travis/build/npmtest/node-npmtest-tinder/node_modules/tinder/tinder.js","s":{"1":1,"2":1,"3":1,"4":1,"5":0,"6":0,"7":0,"8":0,"9":0,"10":0,"11":0,"12":0,"13":0,"14":0,"15":0,"16":0,"17":0,"18":0,"19":0,"20":0,"21":0,"22":0,"23":0,"24":0,"25":0,"26":0,"27":0,"28":0,"29":0,"30":0,"31":0,"32":0,"33":0,"34":0,"35":0,"36":0,"37":0,"38":0,"39":0,"40":0,"41":0,"42":0,"43":0,"44":0,"45":0,"46":0,"47":0,"48":0,"49":0,"50":0,"51":0,"52":0,"53":0,"54":0,"55":0,"56":0,"57":0,"58":0,"59":0,"60":0,"61":0,"62":0,"63":0,"64":0,"65":0,"66":0,"67":0,"68":0,"69":0,"70":0,"71":0,"72":0,"73":0,"74":0,"75":0,"76":0,"77":0,"78":0,"79":0,"80":0,"81":0,"82":0,"83":0,"84":0,"85":0,"86":0,"87":0,"88":0,"89":0,"90":0,"91":0,"92":0,"93":0,"94":0,"95":0,"96":0,"97":0,"98":0,"99":0,"100":0,"101":0,"102":0,"103":0,"104":0,"105":0,"106":0,"107":0,"108":0,"109":0,"110":0,"111":0,"112":0,"113":0,"114":0,"115":0,"116":0,"117":0,"118":0,"119":0,"120":0,"121":0,"122":0,"123":0,"124":0,"125":0,"126":0,"127":0,"128":0,"129":1},"b":{"1":[0,0],"2":[0,0],"3":[0,0],"4":[0,0],"5":[0,0],"6":[0,0,0],"7":[0,0],"8":[0,0],"9":[0,0],"10":[0,0],"11":[0,0],"12":[0,0],"13":[0,0],"14":[0,0],"15":[0,0],"16":[0,0],"17":[0,0],"18":[0,0]},"f":{"1":0,"2":0,"3":0,"4":0,"5":0,"6":0,"7":0,"8":0,"9":0,"10":0,"11":0,"12":0,"13":0,"14":0,"15":0,"16":0,"17":0,"18":0,"19":0,"20":0,"21":0,"22":0,"23":0,"24":0,"25":0,"26":0,"27":0,"28":0,"29":0,"30":0,"31":0,"32":0,"33":0,"34":0,"35":0,"36":0,"37":0,"38":0,"39":0,"40":0,"41":0,"42":0,"43":0,"44":0,"45":0,"46":0},"fnMap":{"1":{"name":"TinderClient","line":12,"loc":{"start":{"line":12,"column":0},"end":{"line":12,"column":24}}},"2":{"name":"(anonymous_2)","line":25,"loc":{"start":{"line":25,"column":26},"end":{"line":25,"column":37}}},"3":{"name":"(anonymous_3)","line":47,"loc":{"start":{"line":47,"column":18},"end":{"line":47,"column":49}}},"4":{"name":"(anonymous_4)","line":59,"loc":{"start":{"line":59,"column":19},"end":{"line":59,"column":50}}},"5":{"name":"(anonymous_5)","line":72,"loc":{"start":{"line":72,"column":18},"end":{"line":72,"column":49}}},"6":{"name":"(anonymous_6)","line":85,"loc":{"start":{"line":85,"column":21},"end":{"line":85,"column":52}}},"7":{"name":"(anonymous_7)","line":96,"loc":{"start":{"line":96,"column":27},"end":{"line":96,"column":46}}},"8":{"name":"(anonymous_8)","line":97,"loc":{"start":{"line":97,"column":11},"end":{"line":97,"column":32}}},"9":{"name":"(anonymous_9)","line":131,"loc":{"start":{"line":131,"column":19},"end":{"line":131,"column":53}}},"10":{"name":"(anonymous_10)","line":138,"loc":{"start":{"line":138,"column":6},"end":{"line":138,"column":27}}},"11":{"name":"(anonymous_11)","line":164,"loc":{"start":{"line":164,"column":22},"end":{"line":164,"column":38}}},"12":{"name":"(anonymous_12)","line":168,"loc":{"start":{"line":168,"column":22},"end":{"line":168,"column":33}}},"13":{"name":"(anonymous_13)","line":176,"loc":{"start":{"line":176,"column":22},"end":{"line":176,"column":33}}},"14":{"name":"(anonymous_14)","line":184,"loc":{"start":{"line":184,"column":22},"end":{"line":184,"column":33}}},"15":{"name":"(anonymous_15)","line":192,"loc":{"start":{"line":192,"column":21},"end":{"line":192,"column":32}}},"16":{"name":"(anonymous_16)","line":201,"loc":{"start":{"line":201,"column":28},"end":{"line":201,"column":54}}},"17":{"name":"(anonymous_17)","line":215,"loc":{"start":{"line":215,"column":21},"end":{"line":215,"column":58}}},"18":{"name":"(anonymous_18)","line":228,"loc":{"start":{"line":228,"column":14},"end":{"line":228,"column":41}}},"19":{"name":"(anonymous_19)","line":239,"loc":{"start":{"line":239,"column":19},"end":{"line":239,"column":46}}},"20":{"name":"(anonymous_20)","line":250,"loc":{"start":{"line":250,"column":14},"end":{"line":250,"column":41}}},"21":{"name":"(anonymous_21)","line":261,"loc":{"start":{"line":261,"column":17},"end":{"line":261,"column":45}}},"22":{"name":"(anonymous_22)","line":271,"loc":{"start":{"line":271,"column":20},"end":{"line":271,"column":39}}},"23":{"name":"(anonymous_23)","line":276,"loc":{"start":{"line":276,"column":25},"end":{"line":276,"column":44}}},"24":{"name":"(anonymous_24)","line":296,"loc":{"start":{"line":296,"column":20},"end":{"line":296,"column":39}}},"25":{"name":"(anonymous_25)","line":310,"loc":{"start":{"line":310,"column":24},"end":{"line":310,"column":53}}},"26":{"name":"(anonymous_26)","line":323,"loc":{"start":{"line":323,"column":20},"end":{"line":323,"column":39}}},"27":{"name":"(anonymous_27)","line":334,"loc":{"start":{"line":334,"column":22},"end":{"line":334,"column":49}}},"28":{"name":"(anonymous_28)","line":347,"loc":{"start":{"line":347,"column":19},"end":{"line":347,"column":43}}},"29":{"name":"(anonymous_29)","line":360,"loc":{"start":{"line":360,"column":19},"end":{"line":360,"column":42}}},"30":{"name":"(anonymous_30)","line":374,"loc":{"start":{"line":374,"column":19},"end":{"line":374,"column":38}}},"31":{"name":"(anonymous_31)","line":385,"loc":{"start":{"line":385,"column":22},"end":{"line":385,"column":45}}},"32":{"name":"(anonymous_32)","line":399,"loc":{"start":{"line":399,"column":22},"end":{"line":399,"column":41}}},"33":{"name":"(anonymous_33)","line":414,"loc":{"start":{"line":414,"column":27},"end":{"line":414,"column":91}}},"34":{"name":"(anonymous_34)","line":430,"loc":{"start":{"line":430,"column":23},"end":{"line":430,"column":42}}},"35":{"name":"(anonymous_35)","line":441,"loc":{"start":{"line":441,"column":17},"end":{"line":441,"column":43}}},"36":{"name":"(anonymous_36)","line":452,"loc":{"start":{"line":452,"column":23},"end":{"line":452,"column":48}}},"37":{"name":"(anonymous_37)","line":470,"loc":{"start":{"line":470,"column":25},"end":{"line":470,"column":127}}},"38":{"name":"(anonymous_38)","line":490,"loc":{"start":{"line":490,"column":23},"end":{"line":490,"column":53}}},"39":{"name":"(anonymous_39)","line":504,"loc":{"start":{"line":504,"column":22},"end":{"line":504,"column":49}}},"40":{"name":"(anonymous_40)","line":518,"loc":{"start":{"line":518,"column":16},"end":{"line":518,"column":63}}},"41":{"name":"(anonymous_41)","line":534,"loc":{"start":{"line":534,"column":24},"end":{"line":534,"column":53}}},"42":{"name":"(anonymous_42)","line":548,"loc":{"start":{"line":548,"column":24},"end":{"line":548,"column":53}}},"43":{"name":"(anonymous_43)","line":561,"loc":{"start":{"line":561,"column":24},"end":{"line":561,"column":43}}},"44":{"name":"(anonymous_44)","line":575,"loc":{"start":{"line":575,"column":24},"end":{"line":575,"column":53}}},"45":{"name":"(anonymous_45)","line":588,"loc":{"start":{"line":588,"column":23},"end":{"line":588,"column":42}}},"46":{"name":"(anonymous_46)","line":599,"loc":{"start":{"line":599,"column":20},"end":{"line":599,"column":39}}}},"statementMap":{"1":{"start":{"line":1,"column":0},"end":{"line":1,"column":45}},"2":{"start":{"line":2,"column":0},"end":{"line":2,"column":59}},"3":{"start":{"line":4,"column":0},"end":{"line":4,"column":36}},"4":{"start":{"line":12,"column":0},"end":{"line":603,"column":1}},"5":{"start":{"line":13,"column":2},"end":{"line":13,"column":24}},"6":{"start":{"line":14,"column":2},"end":{"line":14,"column":33}},"7":{"start":{"line":15,"column":2},"end":{"line":15,"column":19}},"8":{"start":{"line":20,"column":2},"end":{"line":20,"column":21}},"9":{"start":{"line":25,"column":2},"end":{"line":39,"column":4}},"10":{"start":{"line":26,"column":4},"end":{"line":32,"column":6}},"11":{"start":{"line":34,"column":4},"end":{"line":36,"column":5}},"12":{"start":{"line":35,"column":8},"end":{"line":35,"column":45}},"13":{"start":{"line":38,"column":4},"end":{"line":38,"column":19}},"14":{"start":{"line":47,"column":2},"end":{"line":51,"column":4}},"15":{"start":{"line":48,"column":4},"end":{"line":50,"column":20}},"16":{"start":{"line":59,"column":2},"end":{"line":64,"column":4}},"17":{"start":{"line":60,"column":4},"end":{"line":63,"column":20}},"18":{"start":{"line":72,"column":2},"end":{"line":77,"column":4}},"19":{"start":{"line":73,"column":4},"end":{"line":76,"column":20}},"20":{"start":{"line":85,"column":2},"end":{"line":90,"column":4}},"21":{"start":{"line":86,"column":4},"end":{"line":89,"column":20}},"22":{"start":{"line":96,"column":2},"end":{"line":123,"column":4}},"23":{"start":{"line":97,"column":4},"end":{"line":122,"column":6}},"24":{"start":{"line":98,"column":6},"end":{"line":98,"column":22}},"25":{"start":{"line":100,"column":6},"end":{"line":113,"column":7}},"26":{"start":{"line":101,"column":8},"end":{"line":112,"column":9}},"27":{"start":{"line":103,"column":10},"end":{"line":108,"column":11}},"28":{"start":{"line":105,"column":12},"end":{"line":105,"column":40}},"29":{"start":{"line":107,"column":12},"end":{"line":107,"column":25}},"30":{"start":{"line":110,"column":13},"end":{"line":112,"column":9}},"31":{"start":{"line":111,"column":10},"end":{"line":111,"column":26}},"32":{"start":{"line":115,"column":6},"end":{"line":117,"column":7}},"33":{"start":{"line":116,"column":8},"end":{"line":116,"column":21}},"34":{"start":{"line":119,"column":6},"end":{"line":121,"column":7}},"35":{"start":{"line":120,"column":8},"end":{"line":120,"column":30}},"36":{"start":{"line":131,"column":2},"end":{"line":159,"column":4}},"37":{"start":{"line":132,"column":4},"end":{"line":158,"column":9}},"38":{"start":{"line":140,"column":8},"end":{"line":142,"column":9}},"39":{"start":{"line":141,"column":10},"end":{"line":141,"column":63}},"40":{"start":{"line":144,"column":8},"end":{"line":144,"column":49}},"41":{"start":{"line":145,"column":8},"end":{"line":157,"column":9}},"42":{"start":{"line":146,"column":10},"end":{"line":146,"column":34}},"43":{"start":{"line":147,"column":10},"end":{"line":147,"column":39}},"44":{"start":{"line":148,"column":10},"end":{"line":148,"column":32}},"45":{"start":{"line":150,"column":10},"end":{"line":150,"column":50}},"46":{"start":{"line":151,"column":10},"end":{"line":151,"column":31}},"47":{"start":{"line":152,"column":15},"end":{"line":157,"column":9}},"48":{"start":{"line":153,"column":10},"end":{"line":153,"column":57}},"49":{"start":{"line":154,"column":10},"end":{"line":154,"column":31}},"50":{"start":{"line":156,"column":10},"end":{"line":156,"column":31}},"51":{"start":{"line":164,"column":2},"end":{"line":166,"column":4}},"52":{"start":{"line":165,"column":4},"end":{"line":165,"column":23}},"53":{"start":{"line":168,"column":2},"end":{"line":170,"column":4}},"54":{"start":{"line":169,"column":4},"end":{"line":169,"column":22}},"55":{"start":{"line":176,"column":2},"end":{"line":178,"column":3}},"56":{"start":{"line":177,"column":4},"end":{"line":177,"column":30}},"57":{"start":{"line":184,"column":2},"end":{"line":186,"column":3}},"58":{"start":{"line":185,"column":4},"end":{"line":185,"column":30}},"59":{"start":{"line":192,"column":2},"end":{"line":194,"column":3}},"60":{"start":{"line":193,"column":4},"end":{"line":193,"column":26}},"61":{"start":{"line":201,"column":2},"end":{"line":207,"column":4}},"62":{"start":{"line":202,"column":4},"end":{"line":206,"column":36}},"63":{"start":{"line":215,"column":2},"end":{"line":221,"column":4}},"64":{"start":{"line":216,"column":4},"end":{"line":220,"column":36}},"65":{"start":{"line":228,"column":2},"end":{"line":232,"column":4}},"66":{"start":{"line":229,"column":4},"end":{"line":231,"column":36}},"67":{"start":{"line":239,"column":2},"end":{"line":243,"column":4}},"68":{"start":{"line":240,"column":4},"end":{"line":242,"column":36}},"69":{"start":{"line":250,"column":2},"end":{"line":254,"column":4}},"70":{"start":{"line":251,"column":4},"end":{"line":253,"column":36}},"71":{"start":{"line":261,"column":2},"end":{"line":265,"column":4}},"72":{"start":{"line":262,"column":4},"end":{"line":264,"column":36}},"73":{"start":{"line":271,"column":2},"end":{"line":285,"column":4}},"74":{"start":{"line":272,"column":4},"end":{"line":284,"column":10}},"75":{"start":{"line":277,"column":8},"end":{"line":279,"column":9}},"76":{"start":{"line":278,"column":10},"end":{"line":278,"column":65}},"77":{"start":{"line":281,"column":8},"end":{"line":283,"column":9}},"78":{"start":{"line":282,"column":10},"end":{"line":282,"column":30}},"79":{"start":{"line":296,"column":2},"end":{"line":302,"column":4}},"80":{"start":{"line":297,"column":4},"end":{"line":301,"column":36}},"81":{"start":{"line":310,"column":2},"end":{"line":317,"column":4}},"82":{"start":{"line":311,"column":4},"end":{"line":316,"column":36}},"83":{"start":{"line":323,"column":2},"end":{"line":327,"column":4}},"84":{"start":{"line":324,"column":4},"end":{"line":326,"column":36}},"85":{"start":{"line":334,"column":2},"end":{"line":340,"column":4}},"86":{"start":{"line":335,"column":4},"end":{"line":339,"column":36}},"87":{"start":{"line":347,"column":2},"end":{"line":353,"column":4}},"88":{"start":{"line":348,"column":4},"end":{"line":352,"column":36}},"89":{"start":{"line":360,"column":2},"end":{"line":368,"column":4}},"90":{"start":{"line":361,"column":4},"end":{"line":367,"column":36}},"91":{"start":{"line":374,"column":2},"end":{"line":378,"column":4}},"92":{"start":{"line":375,"column":4},"end":{"line":377,"column":36}},"93":{"start":{"line":385,"column":2},"end":{"line":393,"column":4}},"94":{"start":{"line":386,"column":4},"end":{"line":392,"column":36}},"95":{"start":{"line":399,"column":2},"end":{"line":403,"column":4}},"96":{"start":{"line":400,"column":4},"end":{"line":402,"column":36}},"97":{"start":{"line":414,"column":2},"end":{"line":424,"column":4}},"98":{"start":{"line":415,"column":4},"end":{"line":423,"column":36}},"99":{"start":{"line":430,"column":2},"end":{"line":434,"column":4}},"100":{"start":{"line":431,"column":4},"end":{"line":433,"column":36}},"101":{"start":{"line":441,"column":2},"end":{"line":445,"column":4}},"102":{"start":{"line":442,"column":4},"end":{"line":444,"column":36}},"103":{"start":{"line":452,"column":2},"end":{"line":459,"column":4}},"104":{"start":{"line":453,"column":4},"end":{"line":458,"column":40}},"105":{"start":{"line":470,"column":2},"end":{"line":483,"column":4}},"106":{"start":{"line":471,"column":4},"end":{"line":482,"column":36}},"107":{"start":{"line":490,"column":2},"end":{"line":496,"column":4}},"108":{"start":{"line":491,"column":4},"end":{"line":495,"column":36}},"109":{"start":{"line":504,"column":2},"end":{"line":508,"column":4}},"110":{"start":{"line":505,"column":4},"end":{"line":507,"column":36}},"111":{"start":{"line":518,"column":2},"end":{"line":526,"column":4}},"112":{"start":{"line":519,"column":4},"end":{"line":521,"column":5}},"113":{"start":{"line":522,"column":4},"end":{"line":522,"column":68}},"114":{"start":{"line":522,"column":43},"end":{"line":522,"column":68}},"115":{"start":{"line":523,"column":4},"end":{"line":525,"column":36}},"116":{"start":{"line":534,"column":2},"end":{"line":540,"column":4}},"117":{"start":{"line":535,"column":4},"end":{"line":539,"column":36}},"118":{"start":{"line":548,"column":2},"end":{"line":554,"column":4}},"119":{"start":{"line":549,"column":4},"end":{"line":553,"column":36}},"120":{"start":{"line":561,"column":2},"end":{"line":565,"column":4}},"121":{"start":{"line":562,"column":4},"end":{"line":564,"column":36}},"122":{"start":{"line":575,"column":2},"end":{"line":582,"column":4}},"123":{"start":{"line":576,"column":4},"end":{"line":581,"column":36}},"124":{"start":{"line":588,"column":2},"end":{"line":592,"column":4}},"125":{"start":{"line":589,"column":4},"end":{"line":591,"column":36}},"126":{"start":{"line":599,"column":2},"end":{"line":602,"column":4}},"127":{"start":{"line":600,"column":4},"end":{"line":600,"column":82}},"128":{"start":{"line":601,"column":4},"end":{"line":601,"column":37}},"129":{"start":{"line":605,"column":0},"end":{"line":605,"column":36}}},"branchMap":{"1":{"line":34,"type":"if","locations":[{"start":{"line":34,"column":4},"end":{"line":34,"column":4}},{"start":{"line":34,"column":4},"end":{"line":34,"column":4}}]},"2":{"line":100,"type":"if","locations":[{"start":{"line":100,"column":6},"end":{"line":100,"column":6}},{"start":{"line":100,"column":6},"end":{"line":100,"column":6}}]},"3":{"line":101,"type":"if","locations":[{"start":{"line":101,"column":8},"end":{"line":101,"column":8}},{"start":{"line":101,"column":8},"end":{"line":101,"column":8}}]},"4":{"line":110,"type":"if","locations":[{"start":{"line":110,"column":13},"end":{"line":110,"column":13}},{"start":{"line":110,"column":13},"end":{"line":110,"column":13}}]},"5":{"line":115,"type":"if","locations":[{"start":{"line":115,"column":6},"end":{"line":115,"column":6}},{"start":{"line":115,"column":6},"end":{"line":115,"column":6}}]},"6":{"line":115,"type":"binary-expr","locations":[{"start":{"line":115,"column":10},"end":{"line":115,"column":14}},{"start":{"line":115,"column":18},"end":{"line":115,"column":29}},{"start":{"line":115,"column":33},"end":{"line":115,"column":52}}]},"7":{"line":119,"type":"if","locations":[{"start":{"line":119,"column":6},"end":{"line":119,"column":6}},{"start":{"line":119,"column":6},"end":{"line":119,"column":6}}]},"8":{"line":140,"type":"if","locations":[{"start":{"line":140,"column":8},"end":{"line":140,"column":8}},{"start":{"line":140,"column":8},"end":{"line":140,"column":8}}]},"9":{"line":144,"type":"binary-expr","locations":[{"start":{"line":144,"column":19},"end":{"line":144,"column":27}},{"start":{"line":144,"column":31},"end":{"line":144,"column":48}}]},"10":{"line":145,"type":"if","locations":[{"start":{"line":145,"column":8},"end":{"line":145,"column":8}},{"start":{"line":145,"column":8},"end":{"line":145,"column":8}}]},"11":{"line":145,"type":"binary-expr","locations":[{"start":{"line":145,"column":12},"end":{"line":145,"column":18}},{"start":{"line":145,"column":22},"end":{"line":145,"column":32}}]},"12":{"line":152,"type":"if","locations":[{"start":{"line":152,"column":15},"end":{"line":152,"column":15}},{"start":{"line":152,"column":15},"end":{"line":152,"column":15}}]},"13":{"line":185,"type":"binary-expr","locations":[{"start":{"line":185,"column":11},"end":{"line":185,"column":21}},{"start":{"line":185,"column":25},"end":{"line":185,"column":29}}]},"14":{"line":277,"type":"if","locations":[{"start":{"line":277,"column":8},"end":{"line":277,"column":8}},{"start":{"line":277,"column":8},"end":{"line":277,"column":8}}]},"15":{"line":277,"type":"binary-expr","locations":[{"start":{"line":277,"column":12},"end":{"line":277,"column":16}},{"start":{"line":277,"column":20},"end":{"line":277,"column":43}}]},"16":{"line":281,"type":"if","locations":[{"start":{"line":281,"column":8},"end":{"line":281,"column":8}},{"start":{"line":281,"column":8},"end":{"line":281,"column":8}}]},"17":{"line":522,"type":"if","locations":[{"start":{"line":522,"column":4},"end":{"line":522,"column":4}},{"start":{"line":522,"column":4},"end":{"line":522,"column":4}}]},"18":{"line":522,"type":"binary-expr","locations":[{"start":{"line":522,"column":8},"end":{"line":522,"column":20}},{"start":{"line":522,"column":24},"end":{"line":522,"column":41}}]}},"code":["var TINDER_HOST = \"https://api.gotinder.com/\"","var TINDER_IMAGE_HOST = \"https://imageupload.gotinder.com/\"","","var request = require('superagent');","","/**"," * Constructs a new instance of the TinderClient class"," *"," * @constructor"," * @this {TinderClient}"," */","function TinderClient() {","  var xAuthToken = null;","  this.lastActivity = new Date();","  var _this = this;","","  /**","   * The current account's user id","   */","  this.userId = null;","","  /**","   * Helper for getting the request headers","   */","  var getRequestHeaders = function() {","    var headers = {","        'User-Agent'      : 'Tinder Android Version 4.5.5',","        'os_version'      : '23',","        'platform'        : 'android',","        'app-version'     : '854',","        'Accept-Language' : 'en'","    };","","    if (xAuthToken) {","        headers['X-Auth-Token'] = xAuthToken;","    }","","    return headers;","  };","","  /**","   * Issues a GET request to the Tinder API","   * @param {String} path the relative path","   * @param {Object} data an object containing extra values ","   * @param {Function} callback the callback to invoke when the request completes ","   */","  var tinderGet = function(path, data, callback) {","    request.get(TINDER_HOST + path)","      .set(getRequestHeaders())","      .end(callback)","  };","","  /**","   * Issues a POST request to the Tinder API","   * @param {String} path the relative path","   * @param {Object} data an object containing extra values","   * @param {Function} callback the callback to invoke when the request completes","   */","  var tinderPost = function(path, data, callback) {","    request.post(TINDER_HOST + path)","      .set(getRequestHeaders())","      .send(data)","      .end(callback)","  };","","  /**","   * Issues a PUT request to the Tinder API","   * @param {String} path the relative path","   * @param {Object} data an object containing extra values","   * @param {Function} callback the callback to invoke when the request completes","   */","  var tinderPut = function(path, data, callback) {","    request.put(TINDER_HOST + path)","      .set(getRequestHeaders())","      .send(data)","      .end(callback)","  };","","  /**","   * Issues a DELETE request to the Tinder API","   * @param {String} path the relative path","   * @param {Object} data an object containing extra values","   * @param {Function} callback the callback to invoke when the request completes","   */","  var tinderDelete = function(path, data, callback) {","    request.del(TINDER_HOST + path)","      .set(getRequestHeaders())","      .send(data)","      .end(callback)","  };","","  /**","   * Helper for transforming the request callback values","   * @param {Function} callback the callback","   */","  var makeTinderCallback = function(callback) {","    return function(error, res) {","      var data = null;","","      if (!error) {","        if (typeof res.body === \"string\")","        {","          try","          {","            data = JSON.parse(res.body);","          } catch (err) {","            error = data;","          }","        }","        else if (typeof res.body === \"object\") {","          data = res.body;","        }","      }","","      if (data && data.status && data.status !== 200) {","        error = data;","      }","","      if (callback) {","        callback(error, data);","      }","    };","  };","","  /**","   * Authorize this tinder client","   * @param {String} fbToken the Facebook token. This will be obtained when authenticating the user","   * @param {String} fbId the Facebook user id.","   * @param {Function} callback the callback to invoke when the request completes","   */","  this.authorize = function(fbToken, fbId, callback) {","    tinderPost('auth',","      {","        facebook_token: fbToken,","        facebook_id: fbId,","        locale: 'en'","      },","      function(error, res) {","        // If no body is passed back, return an error","        if(res.body === undefined){","          error = new Error('No token passed back from Tinder')","        }","","        var body = res.body || { 'token': null };","        if (!error && body.token) {","          xAuthToken = body.token;","          _this.userId = body.user._id;","          _this.defaults = body;","","          callback = makeTinderCallback(callback);","          callback(error, res);","        } else if (body.error){","          error = \"Failed to authenticate: \" + body.error","          callback(error, res);","        } else {","          callback(error, res);","        }","      });","  };","","  /**","   * Set auth token if you have it saved, no need to do fb login every time","   */","  this.setAuthToken = function(token) {","    xAuthToken = token;","  };","","  this.getAuthToken = function() {","    return xAuthToken;","  };","","  /**","   * Returns whether this client is authorized","   * @return whether or not this client is authorized","   */","  this.isAuthorized = function() {","    return xAuthToken != null;","  }","","  /**","   * Returns the xAuthToken","   * @return xAuthToken","   */","  this.getAuthToken = function() {","    return xAuthToken || null;","  }","","  /**","   * Returns client information and globals","   * Globals are used for interacting with tinder api limits","   */","  this.getDefaults = function() {","    return _this.defaults;","  }","  ","  /**","   * Gets a list of nearby users","   * @param {Number} limit the maximum number of profiles to fetch","   * @param {Function} callback the callback to invoke when the request completes","   */","  this.getRecommendations = function(limit, callback) {","    tinderGet('user/recs', ","      {","        limit: limit","      },","      makeTinderCallback(callback));","  };","  ","  /**","   * Sends a message to a user","   * @param {String} matchId the id of the match","   * @param {String} message the message to send","   * @param {Function} callback the callback to invoke when the request completes","   */","  this.sendMessage = function(matchId, message, callback) {","    tinderPost('user/matches/' + matchId,","      {","        message: message","      },","      makeTinderCallback(callback));","  };","  ","  /**","   * Likes (swipes right) on a user","   * @param {String} userId the id of the user","   * @param {Function} callback the callback to invoke when the request completes","   */","  this.like = function(userId, callback) {","    tinderGet('like/' + userId,","      null,","      makeTinderCallback(callback));","  };","","  /**","   * Superlikes a user","   * @param {String} userId the id of the user","   * @param {Function} callback the callback to invoke when the request completes","   */","  this.superLike = function(userId, callback) {","    tinderPost('like/' + userId + '/super',","      null,","      makeTinderCallback(callback));","  };","","  /**","   * Passes (swipes left) on a user","   * @param {String} userId the id of the user","   * @param {Function} callback the callback to invoke when the request completes","   */","  this.pass = function(userId, callback) {","    tinderGet('pass/' + userId,","      null,","      makeTinderCallback(callback));","  };","","  /**","   * Unmatch with a user","   * @param {String} matchID the id of the match","   * @param {Function} callback the callback to invoke when the request completes","   */","  this.unmatch = function(matchId, callback) {","    tinderDelete('user/matches/' + matchId,","      null,","      makeTinderCallback(callback));","  };","","  /**","   * Gets a list of new updates. This will be things like new messages, users who liked you, etc. ","   * @param {Function} callback the callback to invoke when the request completes","   */","  this.getUpdates = function(callback) {","    tinderPost('updates',","      {","        last_activity_date: _this.lastActivity.toISOString()","      },","      makeTinderCallback(function(err, data){","        if (data && data.last_activity_date) {","          _this.lastActivity = new Date(data.last_activity_date);","        }","","        if (callback) {","          callback(err, data);","        }","      }));","  };","","  /**","   * Gets the entire history for the current account (all matches, messages, blocks, etc.)","   * ","   * NOTE: Old messages seem to not be returned after a certain threshold. Not yet","   * sure what exactly that timeout is. The official client seems to get this update","   * once when the app is installed then cache the results and only rely on the","   * incremental updates","   * @param {Function} callback the callback to invoke when the request completes","   */","  this.getHistory = function(callback) {","    tinderPost('updates',","      {","        last_activity_date: \"\"","      },","      makeTinderCallback(callback));","  };","","  /**","   * Updates the geographical position for the current account ","   * @param {Number} lon the longitude","   * @param {Number} lat the latitutde","   * @param {Function} callback the callback to invoke when the request completes","   */","  this.updatePosition = function(lon, lat, callback) {","    tinderPost('user/ping',","      {","        lon: lon,","        lat: lat","      },","      makeTinderCallback(callback));","  };","","  /**","   * Gets the current account info","   * @param {Function} callback the callback to invoke when the request completes","   */","  this.getAccount = function(callback) {","    tinderGet('meta',","      null,","      makeTinderCallback(callback));","  };","","  /**","   * Update your gender","   * @param {Number} gender is your gender (0 = Male, 1 = Female)","   * @param {Function} callback the callback to invoke when the request completes","   */","  this.updateGender = function(gender, callback) {","    tinderPost('profile',","      {","        gender: gender","      },","      makeTinderCallback(callback));","  };","","  /**","   * Update your bio","   * @param {String} bio is you bio (500 characters max.)","   * @param {Function} callback the callback to invoke when the request completes","   */","  this.updateBio = function(bio, callback) {","    tinderPost('profile',","      {","        bio: bio","      },","      makeTinderCallback(callback));","  };","","  /**","   * Update your job","   * @param {String} id is the facebook id of the job","   * @param {Function} callback the callback to invoke when the request completes","   */","  this.updateJob = function(id, callback) {","    tinderPut('profile/job',","      {","        \"company\": {","          id: id","        }","      },","      makeTinderCallback(callback));","  };","","  /**","   * Delete your current job","   * @param {Function} callback the callback to invoke when the request completes","   */","  this.deleteJob = function(callback) {","    tinderDelete('profile/job',","      null,","      makeTinderCallback(callback));","  };","","  /**","   * Update your school","   * @param {String} id is the facebook id of the school","   * @param {Function} callback the callback to invoke when the request completes","   */","  this.updateSchool = function(id, callback) {","    tinderPut('profile/school',","      {","        schools: [{","          id: id","        }]","      },","      makeTinderCallback(callback));","  };","","  /**","   * Delete your current school","   * @param {Function} callback the callback to invoke when the request completes","   */","  this.deleteSchool = function(callback) {","    tinderDelete('profile/school',","      null,","      makeTinderCallback(callback));","  };","  ","  /**","   * Updates the preferences for the current account","   * @param {Boolean} discovery whether or not to show user's card","   * @param {Number} ageMin the minimum age to show recommendations","   * @param {Number} ageMax the maximum age to show recommendations","   * @param {Number} gender the gender to show recommentations (0 = Male, 1 = Female, -1 = Both)","   * @param {Number} distance the distance in miles to show recommendations","   * @param {Function} callback the callback to invoke when the request completes","   */","  this.updatePreferences = function(discovery, ageMin, ageMax, gender, distance, callback) {","    tinderPost('profile',","      {","        discoverable: discovery,","        age_filter_min: ageMin,","        age_filter_max: ageMax,","        gender_filter: gender,","        distance_filter: distance","      },","      makeTinderCallback(callback));","  };","","  /**","   * Delete the current account","   * @param {Function} callback the callback to invoke when the request completes","   */","  this.deleteAccount = function(callback) {","    tinderDelete('profile',","      null,","      makeTinderCallback(callback));","  };","  ","  /**","   * Gets a user by id","   * @param {String} userId the id of the user","   * @param {Function} callback the callback to invoke when the request completes","   */","  this.getUser = function(userId, callback){","    tinderGet('user/' + userId,","      null,","      makeTinderCallback(callback));","  };","","  /**","   * Upload a new picture to the current account","   * @param {Buffer} file the picture that you want to upload","   * @param {Function} callback the callback to invoke when the request completes","   */","  this.uploadPicture = function(file, callback) {","    request.post(TINDER_IMAGE_HOST + 'image?client_photo_id=ProfilePhoto' + ","                 new Date().getTime())","      .set(getRequestHeaders())","      .field('userId', _this.userId)","      .attach('file', file)","      .end(makeTinderCallback(callback))","  };","","  /**","   * Post a new picture to the current account from Facebook","   * @param {String} pictureId is the facebook id of the picture","   * @param {Float} xdistance_percent is the zoom percentage in x 0 full Zoom 1 no Zoom","   * @param {Float} ydistance_percent is the zoom percentage in x 0 full Zoom 1 no Zoom","   * @param {Float} xoffset_percent is the offset from the left corner in percentage","   * @param {Float} yoffset_percent is the offset from the top corner in percentage","   * @param {Function} callback the callback to invoke when the request completes","   */","  this.uploadFBPicture = function(pictureId, xdistance_percent, ydistance_percent, xoffset_percent, yoffset_percent, callback) {","    tinderPost('media',","      {","        transmit: \"fb\",","        assets: [{","          ydistance_percent: ydistance_percent,","          id: id,","          xoffset_percent: xoffset_percent,","          yoffset_percent: yoffset_percent,","          xdistance_percent: xdistance_percent","        }]","      },","      makeTinderCallback(callback));","  };","","  /**","   * Delete a picture from the current account","   * @param {String} pictureId the id of the picture","   * @param {Function} callback the callback to invoke when the request completes","   */","  this.deletePicture = function(pictureId, callback) {","    tinderDelete('media',","      {","        assets: [pictureId]","      },","      makeTinderCallback(callback));","  };","","  /**","   * Get a share URL for a user","   * ","   * @param {String} userId the id of the user","   * @param {Function} callback the callback to invoke when the request completes","   */","  this.getShareLink = function(userId, callback) {","    tinderPost('user/' + userId + '/share',","      null,","      makeTinderCallback(callback));","  };","","  /**","   * Report a user","   * ","   * @param {String} userId the id of the user","   * @param {Number} causeId one of 4 (inappropriate photos), 1 (spam), or 0 (other)","   * @param {String} causeText optional reason for report when causeId is 0 (other)","   * @param {Function} callback the callback to invoke when the request completes","   */","  this.report = function(userId, causeId, causeText, callback) {","    var data = {","      cause: causeId","    }","    if (causeId == 0 && causeText != null) data['text'] = causeText;","    tinderPost('report/' + userId,","      data,","      makeTinderCallback(callback));","  };","  ","  /**","   * Create a web username for the current account","   * ","   * @param {String} userName the username to request be created","   * @param {Function} callback the callback to invoke when the request completes","   */","  this.createUsername = function(username, callback) {","    tinderPost('profile/username',","      {","        username: username","      },","      makeTinderCallback(callback));","  };","","  /**","   * Change a web username for the current account if it's already been set","   * ","   * @param {String} userName the username to request be created","   * @param {Function} callback the callback to invoke when the request completes","   */","  this.changeUsername = function(username, callback) {","    tinderPut('profile/username',","      {","        username: username","      },","      makeTinderCallback(callback));","  };","","  /**","   * Deletes the existing web username for the current account","   * ","   * @param {Function} callback the callback to invoke when the request completes","   */","  this.deleteUsername = function(callback) {","    tinderDelete('profile/username',","      null,","      makeTinderCallback(callback));","  };","  ","  ///////////// TINDER PLUS /////////////////","  ","  /**","   * Update the passport location ","   * @param {Number} lon the longitude","   * @param {Number} lat the latitutde","   * @param {Function} callback the callback to invoke when the request completes","   */","  this.updatePassport = function(lat, lon, callback) {","    tinderPost('/passport/user/travel',","      {","        lon: lon,","        lat: lat","      },","      makeTinderCallback(callback));","  };","  ","  /**","   * Reset the passport location ","   * @param {Function} callback the callback to invoke when the request completes","   */","  this.resetPassport = function(callback) {","    tinderPost('/passport/user/reset',","      null,","      makeTinderCallback(callback));","  };","  ","  /**","   * @deprecated","   * Get authenticated user info","   * @param {Function} callback the callback to invoke when the request completes","   */","  this.getProfile = function(callback) {","    console.log('This function is deprecated. Use getAccount(callback) instead.');","    return this.getAccount(callback);","  };  ","}","","exports.TinderClient = TinderClient;",""],"l":{"1":1,"2":1,"4":1,"12":1,"13":0,"14":0,"15":0,"20":0,"25":0,"26":0,"34":0,"35":0,"38":0,"47":0,"48":0,"59":0,"60":0,"72":0,"73":0,"85":0,"86":0,"96":0,"97":0,"98":0,"100":0,"101":0,"103":0,"105":0,"107":0,"110":0,"111":0,"115":0,"116":0,"119":0,"120":0,"131":0,"132":0,"140":0,"141":0,"144":0,"145":0,"146":0,"147":0,"148":0,"150":0,"151":0,"152":0,"153":0,"154":0,"156":0,"164":0,"165":0,"168":0,"169":0,"176":0,"177":0,"184":0,"185":0,"192":0,"193":0,"201":0,"202":0,"215":0,"216":0,"228":0,"229":0,"239":0,"240":0,"250":0,"251":0,"261":0,"262":0,"271":0,"272":0,"277":0,"278":0,"281":0,"282":0,"296":0,"297":0,"310":0,"311":0,"323":0,"324":0,"334":0,"335":0,"347":0,"348":0,"360":0,"361":0,"374":0,"375":0,"385":0,"386":0,"399":0,"400":0,"414":0,"415":0,"430":0,"431":0,"441":0,"442":0,"452":0,"453":0,"470":0,"471":0,"490":0,"491":0,"504":0,"505":0,"518":0,"519":0,"522":0,"523":0,"534":0,"535":0,"548":0,"549":0,"561":0,"562":0,"575":0,"576":0,"588":0,"589":0,"599":0,"600":0,"601":0,"605":1}}}